<?xml version="1.0" encoding="UTF-8"?>
<testsuite xmlns:xsi="http://www.w3.org/2001/XMLSchema-instance" xsi:noNamespaceSchemaLocation="https://maven.apache.org/surefire/maven-surefire-plugin/xsd/surefire-test-report-3.0.xsd" version="3.0" name="runners.testRunner" time="149.418" tests="3" errors="0" skipped="0" failures="0">
  <properties>
[...]
</properties>
  <testcase name="User Checkout with single trip onboadring #1" classname="Flight Checkout" time="40.837">
    <system-out><![CDATA[
@checkout
Scenario Outline: User Checkout with single trip onboadring         # src/test/resources/features/checkout.feature:17
Current URL: data:,
success fill data flight schedule
ini url flight: https://www.agoda.com/flights
ini data load: jakarta
ini data load: CGK
ini data load: singapore
ini data load: SIN
Berhasil ke Tab FLight
  Given user on flight tab                                          # stepdefs.dicoSteps.user_on_flight_tab()
ini udah dapet SIN
success fill origin dan destination
✅ Date selected: 2025-10-25
success to get date -> tomorrow
  When user had input flight detail                                 # stepdefs.dicoSteps.user_had_input_flight_detail()
✅ Passengers set: Adult=1, Child=0, Infant=0
  And user sets passengers adult 1 child 0 infant 0                 # stepdefs.dicoSteps.user_sets_passengers(java.lang.Integer,java.lang.Integer,java.lang.Integer)
✅ Cabin set: economy
  And user sets flight category "economy"                           # stepdefs.dicoSteps.userSetsFlightCategory(java.lang.String)

=== ✈️ Flight Search Result for: Indonesia AirAsia ===
Index: 5 | Airline: Indonesia AirAsia | Price: 1,280,062
Index: 7 | Airline: Indonesia AirAsia | Price: 1,357,913
Index: 8 | Airline: Indonesia AirAsia | Price: 1,357,913
                                  
Lowest flight index to click: 5
Selected flight: Indonesia AirAsia | Price: 1,280,062
Clicked select button for flight index: 5
  And user search and select cheapest flight of "Indonesia AirAsia" # stepdefs.dicoSteps.userSearchFlight(java.lang.String)
===== This is Final Booking Data for Assertion =====
===== Latest Flight Booking Data: Indonesia AirAsia | 1,280,062 =====
===== Latest Passenger Data: 1 Adults | 0 Children | 0 Infants =====
success load data on booking information page
passengerCategory: (Adult)
Passport issue field is not Exist.
Actual Total Final Price: Rp 1,280,062
Submit form
  And user fill data on booking information page                    # stepdefs.bookingInfoSteps.user_fill_data_on_booking_information_page()
==========  PAYMENT CHECK   ==========
Booking info validation successful!
Name: John Doe
Email: john.doe@mail.com
Flight: Indonesia AirAsia
Price: Rp 1,280,062
Total Passengers: 1
  Then user validate the detail order on payment check page         # stepdefs.paymentCheckSteps.user_click_payment_button()
==== Driver closed - Testing Completed ====
]]></system-out>
    <system-err><![CDATA[Oct 24, 2025 3:05:54 PM org.openqa.selenium.devtools.CdpVersionFinder findNearestMatch
WARNING: Unable to find CDP implementation matching 141
Oct 24, 2025 3:05:54 PM org.openqa.selenium.chromium.ChromiumDriver lambda$new$5
WARNING: Unable to find version of CDP to use for 141.0.7390.109. You may need to include a dependency on a specific version of the CDP using something similar to `org.seleniumhq.selenium:selenium-devtools-v86:4.25.0` where the version ("v86") matches the version of the chromium-based browser you're using and the version number of the artifact is the same as Selenium's.
]]></system-err>
  </testcase>
  <testcase name="User Checkout with single trip onboadring #2" classname="Flight Checkout" time="65.726">
    <system-out><![CDATA[
@checkout
Scenario Outline: User Checkout with single trip onboadring         # src/test/resources/features/checkout.feature:18
Current URL: data:,
success fill data flight schedule
ini url flight: https://www.agoda.com/flights
ini data load: jakarta
ini data load: CGK
ini data load: singapore
ini data load: SIN
Berhasil ke Tab FLight
  Given user on flight tab                                          # stepdefs.dicoSteps.user_on_flight_tab()
ini udah dapet SIN
success fill origin dan destination
✅ Date selected: 2025-10-25
success to get date -> tomorrow
  When user had input flight detail                                 # stepdefs.dicoSteps.user_had_input_flight_detail()
✅ Passengers set: Adult=2, Child=1, Infant=1
  And user sets passengers adult 2 child 1 infant 1                 # stepdefs.dicoSteps.user_sets_passengers(java.lang.Integer,java.lang.Integer,java.lang.Integer)
✅ Cabin set: economy
  And user sets flight category "economy"                           # stepdefs.dicoSteps.userSetsFlightCategory(java.lang.String)

=== ✈️ Flight Search Result for: Indonesia AirAsia ===
Index: 4 | Airline: Indonesia AirAsia | Price: 1,045,580
Index: 5 | Airline: Indonesia AirAsia | Price: 1,104,755
Index: 6 | Airline: Indonesia AirAsia | Price: 1,104,755
                                  
Lowest flight index to click: 4
Selected flight: Indonesia AirAsia | Price: 1,045,580
Clicked select button for flight index: 4
  And user search and select cheapest flight of "Indonesia AirAsia" # stepdefs.dicoSteps.userSearchFlight(java.lang.String)
===== This is Final Booking Data for Assertion =====
===== Latest Flight Booking Data: Indonesia AirAsia | 1,045,580 =====
===== Latest Passenger Data: 2 Adults | 1 Children | 1 Infants =====
success load data on booking information page
passengerCategory: (Adult)
Passport issue field.
passengerCategory: (Adult)
Passport issue field.
passengerCategory: (Child)
Passport issue field.
passengerCategory: (Infant)
Passport issue field.
Actual Total Final Price: Rp 4,182,321
Submit form
  And user fill data on booking information page                    # stepdefs.bookingInfoSteps.user_fill_data_on_booking_information_page()
==========  PAYMENT CHECK   ==========
Booking info validation successful!
Name: John Doe
Email: john.doe@mail.com
Flight: Indonesia AirAsia
Price: Rp 4,182,321
Total Passengers: 4
  Then user validate the detail order on payment check page         # stepdefs.paymentCheckSteps.user_click_payment_button()
==== Driver closed - Testing Completed ====
]]></system-out>
    <system-err><![CDATA[Oct 24, 2025 3:06:35 PM org.openqa.selenium.devtools.CdpVersionFinder findNearestMatch
WARNING: Unable to find CDP implementation matching 141
Oct 24, 2025 3:06:35 PM org.openqa.selenium.chromium.ChromiumDriver lambda$new$5
WARNING: Unable to find version of CDP to use for 141.0.7390.109. You may need to include a dependency on a specific version of the CDP using something similar to `org.seleniumhq.selenium:selenium-devtools-v86:4.25.0` where the version ("v86") matches the version of the chromium-based browser you're using and the version number of the artifact is the same as Selenium's.
]]></system-err>
  </testcase>
  <testcase name="User Checkout with single trip onboadring #3" classname="Flight Checkout" time="42.62">
    <system-out><![CDATA[
@checkout
Scenario Outline: User Checkout with single trip onboadring        # src/test/resources/features/checkout.feature:19
Current URL: data:,
success fill data flight schedule
ini url flight: https://www.agoda.com/flights
ini data load: jakarta
ini data load: CGK
ini data load: singapore
ini data load: SIN
Berhasil ke Tab FLight
  Given user on flight tab                                         # stepdefs.dicoSteps.user_on_flight_tab()
ini udah dapet SIN
success fill origin dan destination
✅ Date selected: 2025-10-25
success to get date -> tomorrow
  When user had input flight detail                                # stepdefs.dicoSteps.user_had_input_flight_detail()
✅ Passengers set: Adult=1, Child=2, Infant=1
  And user sets passengers adult 1 child 2 infant 1                # stepdefs.dicoSteps.user_sets_passengers(java.lang.Integer,java.lang.Integer,java.lang.Integer)
✅ Cabin set: business
  And user sets flight category "business"                         # stepdefs.dicoSteps.userSetsFlightCategory(java.lang.String)

=== ✈️ Flight Search Result for: Garuda Indonesia ===
Index: 6 | Airline: Garuda Indonesia | Price: 6,077,510
Index: 7 | Airline: Garuda Indonesia | Price: 6,077,510
Index: 8 | Airline: Garuda Indonesia | Price: 6,077,510
                                  
Lowest flight index to click: 6
Selected flight: Garuda Indonesia | Price: 6,077,510
Clicked select button for flight index: 6
  And user search and select cheapest flight of "Garuda Indonesia" # stepdefs.dicoSteps.userSearchFlight(java.lang.String)
===== This is Final Booking Data for Assertion =====
===== Latest Flight Booking Data: Garuda Indonesia | 6,077,510 =====
===== Latest Passenger Data: 1 Adults | 2 Children | 1 Infants =====
success load data on booking information page
passengerCategory: (Adult)
Passport issue field is not Exist.
passengerCategory: (Child)
Passport issue field is not Exist.
passengerCategory: (Child)
Passport issue field is not Exist.
passengerCategory: (Infant)
Passport issue field is not Exist.
Actual Total Final Price: Rp 24,310,040
Submit form
  And user fill data on booking information page                   # stepdefs.bookingInfoSteps.user_fill_data_on_booking_information_page()
==========  PAYMENT CHECK   ==========
Booking info validation successful!
Name: John Doe
Email: john.doe@mail.com
Flight: Garuda Indonesia
Price: Rp 24,310,040
Total Passengers: 4
  Then user validate the detail order on payment check page        # stepdefs.paymentCheckSteps.user_click_payment_button()
==== Driver closed - Testing Completed ====
]]></system-out>
    <system-err><![CDATA[Oct 24, 2025 3:07:40 PM org.openqa.selenium.devtools.CdpVersionFinder findNearestMatch
WARNING: Unable to find CDP implementation matching 141
Oct 24, 2025 3:07:40 PM org.openqa.selenium.chromium.ChromiumDriver lambda$new$5
WARNING: Unable to find version of CDP to use for 141.0.7390.109. You may need to include a dependency on a specific version of the CDP using something similar to `org.seleniumhq.selenium:selenium-devtools-v86:4.25.0` where the version ("v86") matches the version of the chromium-based browser you're using and the version number of the artifact is the same as Selenium's.
]]></system-err>
  </testcase>
</testsuite>